DEBUG - 2026-04-09 06:48:23 --> Session: Class initialized using 'CodeIgniter\Session\Handlers\FileHandler' driver.
DEBUG - 2026-04-09 06:48:41 --> Session: Class initialized using 'CodeIgniter\Session\Handlers\FileHandler' driver.
ERROR - 2026-04-09 06:48:51 --> Cannot add or update a child row: a foreign key constraint fails (`db_cafe_gamified`.`pesanan`, CONSTRAINT `fk_pelanggan_pesanan` FOREIGN KEY (`id_pelanggan`) REFERENCES `pelanggan` (`id_pelanggan`) ON DELETE CASCADE)
in SYSTEMPATH\Database\MySQLi\Connection.php on line 300.
 1 SYSTEMPATH\Database\MySQLi\Connection.php(300): mysqli->query('INSERT INTO `pesanan` (`id_pelanggan`, `tgl_pesanan`, `total_bayar`, `metode_bayar`, `status_pesanan`, `no_meja`) VALUES (1, \'2026-04-09 06:48:51\', 75000, \'qris\', \'pending\', \'5\')', 0)
 2 SYSTEMPATH\Database\BaseConnection.php(910): CodeIgniter\Database\MySQLi\Connection->execute('INSERT INTO `pesanan` (`id_pelanggan`, `tgl_pesanan`, `total_bayar`, `metode_bayar`, `status_pesanan`, `no_meja`) VALUES (1, \'2026-04-09 06:48:51\', 75000, \'qris\', \'pending\', \'5\')')
 3 SYSTEMPATH\Database\BaseConnection.php(827): CodeIgniter\Database\BaseConnection->simpleQuery('INSERT INTO `pesanan` (`id_pelanggan`, `tgl_pesanan`, `total_bayar`, `metode_bayar`, `status_pesanan`, `no_meja`) VALUES (1, \'2026-04-09 06:48:51\', 75000, \'qris\', \'pending\', \'5\')')
 4 SYSTEMPATH\Database\BaseBuilder.php(2345): CodeIgniter\Database\BaseConnection->query('INSERT INTO `pesanan` (`id_pelanggan`, `tgl_pesanan`, `total_bayar`, `metode_bayar`, `status_pesanan`, `no_meja`) VALUES (:id_pelanggan:, :tgl_pesanan:, :total_bayar:, :metode_bayar:, :status_pesanan:, :no_meja:)', [...], false)
 5 APPPATH\Models\PesananModel.php(26): CodeIgniter\Database\BaseBuilder->insert([...])
 6 APPPATH\Controllers\Checkout.php(54): App\Models\PesananModel->simpanPesanan([...], [...])
 7 SYSTEMPATH\CodeIgniter.php(951): App\Controllers\Checkout->proses()
 8 SYSTEMPATH\CodeIgniter.php(497): CodeIgniter\CodeIgniter->runController(Object(App\Controllers\Checkout))
 9 SYSTEMPATH\CodeIgniter.php(340): CodeIgniter\CodeIgniter->handleRequest(null, Object(Config\Cache), false)
10 SYSTEMPATH\Boot.php(417): CodeIgniter\CodeIgniter->run()
11 SYSTEMPATH\Boot.php(68): CodeIgniter\Boot::runCodeIgniter(Object(CodeIgniter\CodeIgniter))
12 FCPATH\index.php(59): CodeIgniter\Boot::bootWeb(Object(Config\Paths))
ERROR - 2026-04-09 06:48:51 --> Cannot add or update a child row: a foreign key constraint fails (`db_cafe_gamified`.`detail_pesanan`, CONSTRAINT `fk_detail_header` FOREIGN KEY (`id_pesanan`) REFERENCES `pesanan` (`id_pesanan`) ON DELETE CASCADE)
in SYSTEMPATH\Database\MySQLi\Connection.php on line 300.
 1 SYSTEMPATH\Database\MySQLi\Connection.php(300): mysqli->query('INSERT INTO `detail_pesanan` (`id_menu`, `id_pesanan`, `jumlah`, `subtotal`)
VALUES (6,0,1,40000), (4,0,1,35000)', 0)
 2 SYSTEMPATH\Database\BaseConnection.php(910): CodeIgniter\Database\MySQLi\Connection->execute('INSERT INTO `detail_pesanan` (`id_menu`, `id_pesanan`, `jumlah`, `subtotal`)
VALUES (6,0,1,40000), (4,0,1,35000)')
 3 SYSTEMPATH\Database\BaseConnection.php(827): CodeIgniter\Database\BaseConnection->simpleQuery('INSERT INTO `detail_pesanan` (`id_menu`, `id_pesanan`, `jumlah`, `subtotal`)
VALUES (6,0,1,40000), (4,0,1,35000)')
 4 SYSTEMPATH\Database\BaseBuilder.php(1841): CodeIgniter\Database\BaseConnection->query('INSERT INTO `detail_pesanan` (`id_menu`, `id_pesanan`, `jumlah`, `subtotal`)
VALUES (6,0,1,40000), (4,0,1,35000)', null, false)
 5 SYSTEMPATH\Database\BaseBuilder.php(2230): CodeIgniter\Database\BaseBuilder->batchExecute('_insertBatch', 100)
 6 APPPATH\Models\PesananModel.php(38): CodeIgniter\Database\BaseBuilder->insertBatch([...])
 7 APPPATH\Controllers\Checkout.php(54): App\Models\PesananModel->simpanPesanan([...], [...])
 8 SYSTEMPATH\CodeIgniter.php(951): App\Controllers\Checkout->proses()
 9 SYSTEMPATH\CodeIgniter.php(497): CodeIgniter\CodeIgniter->runController(Object(App\Controllers\Checkout))
10 SYSTEMPATH\CodeIgniter.php(340): CodeIgniter\CodeIgniter->handleRequest(null, Object(Config\Cache), false)
11 SYSTEMPATH\Boot.php(417): CodeIgniter\CodeIgniter->run()
12 SYSTEMPATH\Boot.php(68): CodeIgniter\Boot::runCodeIgniter(Object(CodeIgniter\CodeIgniter))
13 FCPATH\index.php(59): CodeIgniter\Boot::bootWeb(Object(Config\Paths))
ERROR - 2026-04-09 06:48:57 --> Cannot add or update a child row: a foreign key constraint fails (`db_cafe_gamified`.`pesanan`, CONSTRAINT `fk_pelanggan_pesanan` FOREIGN KEY (`id_pelanggan`) REFERENCES `pelanggan` (`id_pelanggan`) ON DELETE CASCADE)
in SYSTEMPATH\Database\MySQLi\Connection.php on line 300.
 1 SYSTEMPATH\Database\MySQLi\Connection.php(300): mysqli->query('INSERT INTO `pesanan` (`id_pelanggan`, `tgl_pesanan`, `total_bayar`, `metode_bayar`, `status_pesanan`, `no_meja`) VALUES (1, \'2026-04-09 06:48:57\', 75000, \'tunai\', \'pending\', \'5\')', 0)
 2 SYSTEMPATH\Database\BaseConnection.php(910): CodeIgniter\Database\MySQLi\Connection->execute('INSERT INTO `pesanan` (`id_pelanggan`, `tgl_pesanan`, `total_bayar`, `metode_bayar`, `status_pesanan`, `no_meja`) VALUES (1, \'2026-04-09 06:48:57\', 75000, \'tunai\', \'pending\', \'5\')')
 3 SYSTEMPATH\Database\BaseConnection.php(827): CodeIgniter\Database\BaseConnection->simpleQuery('INSERT INTO `pesanan` (`id_pelanggan`, `tgl_pesanan`, `total_bayar`, `metode_bayar`, `status_pesanan`, `no_meja`) VALUES (1, \'2026-04-09 06:48:57\', 75000, \'tunai\', \'pending\', \'5\')')
 4 SYSTEMPATH\Database\BaseBuilder.php(2345): CodeIgniter\Database\BaseConnection->query('INSERT INTO `pesanan` (`id_pelanggan`, `tgl_pesanan`, `total_bayar`, `metode_bayar`, `status_pesanan`, `no_meja`) VALUES (:id_pelanggan:, :tgl_pesanan:, :total_bayar:, :metode_bayar:, :status_pesanan:, :no_meja:)', [...], false)
 5 APPPATH\Models\PesananModel.php(26): CodeIgniter\Database\BaseBuilder->insert([...])
 6 APPPATH\Controllers\Checkout.php(54): App\Models\PesananModel->simpanPesanan([...], [...])
 7 SYSTEMPATH\CodeIgniter.php(951): App\Controllers\Checkout->proses()
 8 SYSTEMPATH\CodeIgniter.php(497): CodeIgniter\CodeIgniter->runController(Object(App\Controllers\Checkout))
 9 SYSTEMPATH\CodeIgniter.php(340): CodeIgniter\CodeIgniter->handleRequest(null, Object(Config\Cache), false)
10 SYSTEMPATH\Boot.php(417): CodeIgniter\CodeIgniter->run()
11 SYSTEMPATH\Boot.php(68): CodeIgniter\Boot::runCodeIgniter(Object(CodeIgniter\CodeIgniter))
12 FCPATH\index.php(59): CodeIgniter\Boot::bootWeb(Object(Config\Paths))
ERROR - 2026-04-09 06:48:57 --> Cannot add or update a child row: a foreign key constraint fails (`db_cafe_gamified`.`detail_pesanan`, CONSTRAINT `fk_detail_header` FOREIGN KEY (`id_pesanan`) REFERENCES `pesanan` (`id_pesanan`) ON DELETE CASCADE)
in SYSTEMPATH\Database\MySQLi\Connection.php on line 300.
 1 SYSTEMPATH\Database\MySQLi\Connection.php(300): mysqli->query('INSERT INTO `detail_pesanan` (`id_menu`, `id_pesanan`, `jumlah`, `subtotal`)
VALUES (6,0,1,40000), (4,0,1,35000)', 0)
 2 SYSTEMPATH\Database\BaseConnection.php(910): CodeIgniter\Database\MySQLi\Connection->execute('INSERT INTO `detail_pesanan` (`id_menu`, `id_pesanan`, `jumlah`, `subtotal`)
VALUES (6,0,1,40000), (4,0,1,35000)')
 3 SYSTEMPATH\Database\BaseConnection.php(827): CodeIgniter\Database\BaseConnection->simpleQuery('INSERT INTO `detail_pesanan` (`id_menu`, `id_pesanan`, `jumlah`, `subtotal`)
VALUES (6,0,1,40000), (4,0,1,35000)')
 4 SYSTEMPATH\Database\BaseBuilder.php(1841): CodeIgniter\Database\BaseConnection->query('INSERT INTO `detail_pesanan` (`id_menu`, `id_pesanan`, `jumlah`, `subtotal`)
VALUES (6,0,1,40000), (4,0,1,35000)', null, false)
 5 SYSTEMPATH\Database\BaseBuilder.php(2230): CodeIgniter\Database\BaseBuilder->batchExecute('_insertBatch', 100)
 6 APPPATH\Models\PesananModel.php(38): CodeIgniter\Database\BaseBuilder->insertBatch([...])
 7 APPPATH\Controllers\Checkout.php(54): App\Models\PesananModel->simpanPesanan([...], [...])
 8 SYSTEMPATH\CodeIgniter.php(951): App\Controllers\Checkout->proses()
 9 SYSTEMPATH\CodeIgniter.php(497): CodeIgniter\CodeIgniter->runController(Object(App\Controllers\Checkout))
10 SYSTEMPATH\CodeIgniter.php(340): CodeIgniter\CodeIgniter->handleRequest(null, Object(Config\Cache), false)
11 SYSTEMPATH\Boot.php(417): CodeIgniter\CodeIgniter->run()
12 SYSTEMPATH\Boot.php(68): CodeIgniter\Boot::runCodeIgniter(Object(CodeIgniter\CodeIgniter))
13 FCPATH\index.php(59): CodeIgniter\Boot::bootWeb(Object(Config\Paths))
DEBUG - 2026-04-09 06:54:00 --> Session: Class initialized using 'CodeIgniter\Session\Handlers\FileHandler' driver.
DEBUG - 2026-04-09 06:57:55 --> Session: Class initialized using 'CodeIgniter\Session\Handlers\FileHandler' driver.
DEBUG - 2026-04-09 06:58:09 --> Session: Class initialized using 'CodeIgniter\Session\Handlers\FileHandler' driver.
